<?xml version="1.0" encoding="UTF-8"?>
<!-- Generated by org.testng.reporters.JUnitReportReporter -->
<testsuite hostname="DESKTOP-GUBLPCQ" failures="0" tests="1" name="TestRunner.TestRunner" time="2.280" errors="0" timestamp="2025-01-25T18:53:43 IST" skipped="0">
  <testcase classname="TestRunner.TestRunner" name="runScenario" time="2.280"/>
  <system-out/>
</testsuite> <!-- TestRunner.TestRunner -->
